<?xml version="1.0" encoding="UTF-8"?>
<!-- Generated by org.testng.reporters.JUnitReportReporter -->
<testsuite hostname="DESKTOP-FIF2BTC" failures="0" tests="1" name="advanceSelenium.TC_DWS_009" time="8.916" errors="0" timestamp="2024-07-26T07:06:37 IST" skipped="0">
  <testcase classname="advanceSelenium.TC_DWS_009" name="toValidateGiftCards" time="8.916">
    <system-out>
      <![CDATA[Successfully displayed error message-Enter valid recipient name]]>
    </system-out>
  </testcase> <!-- toValidateGiftCards -->
  <system-out>
    <![CDATA[Browser got Launched
Browser got Maximized
Successfully navigated to Demo web shop tricentis
Successfully logged in
Successfully displayed error message-Enter valid recipient name]]>
  </system-out>
</testsuite> <!-- advanceSelenium.TC_DWS_009 -->
