<?xml version="1.0" encoding="UTF-8"?>
<!-- Generated by org.testng.reporters.JUnitReportReporter -->
<testsuite hostname="DESKTOP-FIF2BTC" failures="0" tests="1" name="advanceSelenium.TC_DWS_015" time="7.299" errors="0" timestamp="2024-07-26T10:06:37 IST" skipped="0">
  <testcase classname="advanceSelenium.TC_DWS_015" name="ToCheckComputersPage" time="7.299"/>
  <system-out>
    <![CDATA[Browser got Launched
Browser got Maximized
Successfully navigated to Demo web shop tricentis
Successfully logged in]]>
  </system-out>
</testsuite> <!-- advanceSelenium.TC_DWS_015 -->
