<?xml version="1.0" encoding="UTF-8"?>
<!-- Generated by org.testng.reporters.JUnitReportReporter -->
<testsuite hostname="DESKTOP-FIF2BTC" failures="0" tests="1" name="advanceSelenium.TC_DWS_012" time="10.219" errors="0" timestamp="2024-07-26T08:25:58 IST" skipped="0">
  <testcase classname="advanceSelenium.TC_DWS_012" name="navigateToCheckoutPage" time="10.219">
    <system-out>
      <![CDATA[Successfully placed order]]>
    </system-out>
  </testcase> <!-- navigateToCheckoutPage -->
  <system-out>
    <![CDATA[Browser got Launched
Browser got Maximized
Successfully navigated to Demo web shop tricentis
Successfully logged in
Successfully placed order]]>
  </system-out>
</testsuite> <!-- advanceSelenium.TC_DWS_012 -->
