<?xml version="1.0" encoding="UTF-8"?>
<!-- Generated by org.testng.reporters.JUnitReportReporter -->
<testsuite hostname="DESKTOP-FIF2BTC" failures="0" tests="1" name="advanceSelenium.tc0001" time="8.639" errors="0" timestamp="2024-08-02T00:59:45 IST" skipped="0">
  <testcase classname="advanceSelenium.tc0001" name="ToCheckBooksPage" time="8.639">
    <system-out>
      <![CDATA[Navigated to Books page successfuly]]>
    </system-out>
  </testcase> <!-- ToCheckBooksPage -->
  <system-out>
    <![CDATA[Browser got Launched
Browser got Maximized
Successfully navigated to Demo web shop tricentis
Successfully logged in
Navigated to Books page successfuly
Logged out successfully
Successfully closed Browser]]>
  </system-out>
</testsuite> <!-- advanceSelenium.tc0001 -->
