<?xml version="1.0" encoding="UTF-8"?>
<!-- Generated by org.testng.reporters.JUnitReportReporter -->
<testsuite hostname="DESKTOP-FIF2BTC" failures="0" tests="1" name="cars.Jeep" time="7.448" errors="0" timestamp="2024-07-24T23:36:45 IST" skipped="0">
  <testcase classname="cars.Jeep" name="jeepMethod" time="7.448">
    <system-out>
      <![CDATA[Jeep Got Launched]]>
    </system-out>
  </testcase> <!-- jeepMethod -->
  <system-out>
    <![CDATA[Jeep Got Launched
Honda Got Launched]]>
  </system-out>
</testsuite> <!-- cars.Jeep -->
