<?xml version="1.0" encoding="UTF-8"?>
<!-- Generated by org.testng.reporters.JUnitReportReporter -->
<testsuite hostname="DESKTOP-FIF2BTC" failures="0" tests="1" name="advanceSelenium.TC_DWS_003" time="20.785" errors="0" timestamp="2024-08-04T18:52:29 IST" skipped="0">
  <testcase classname="advanceSelenium.TC_DWS_003" name="toDeleteItem" time="20.785">
    <system-out>
      <![CDATA[Computing and Internet
Smartphone
Music 2
Element is deleted successfully]]>
    </system-out>
  </testcase> <!-- toDeleteItem -->
  <system-out>
    <![CDATA[Browser got Launched
Browser got Maximized
Successfully navigated to Demo web shop tricentis
Successfully logged in
Computing and Internet
Smartphone
Music 2
Element is deleted successfully
Logged out successfully
Successfully closed Browser]]>
  </system-out>
</testsuite> <!-- advanceSelenium.TC_DWS_003 -->
