<?xml version="1.0" encoding="UTF-8"?>
<!-- Generated by org.testng.reporters.JUnitReportReporter -->
<testsuite hostname="DESKTOP-FIF2BTC" failures="0" tests="1" name="cars.Volkswagen" time="4.642" errors="0" timestamp="2024-08-07T19:59:27 IST" skipped="0">
  <testcase classname="cars.Volkswagen" name="volkswagenMethod" time="4.642">
    <system-out>
      <![CDATA[Volkswagen launched]]>
    </system-out>
  </testcase> <!-- volkswagenMethod -->
  <system-out>
    <![CDATA[citroen car launched
Maruthi Suzuki launched
Hyndai Launched
Volkswagen launched
BMW launched]]>
  </system-out>
</testsuite> <!-- cars.Volkswagen -->
