<?xml version="1.0" encoding="UTF-8"?>
<!-- Generated by org.testng.reporters.JUnitReportReporter -->
<testsuite hostname="DESKTOP-FIF2BTC" failures="0" tests="1" name="advanceSelenium.TC_DWS_002" time="27.712" errors="0" timestamp="2024-07-25T12:56:26 IST" skipped="0">
  <testcase classname="advanceSelenium.TC_DWS_002" name="ToCheckComputersPage" time="27.712">
    <system-out>
      <![CDATA[Navigated successfully to Computer page]]>
    </system-out>
  </testcase> <!-- ToCheckComputersPage -->
  <system-out>
    <![CDATA[Browser got Launched
Browser got Maximized
Successfully navigated to Demo web shop tricentis
Successfully logged in
Navigated successfully to Computer page
Logged out successfully
Successfully closed Browser]]>
  </system-out>
</testsuite> <!-- advanceSelenium.TC_DWS_002 -->
