<?xml version="1.0" encoding="UTF-8"?>
<!-- Generated by org.testng.reporters.JUnitReportReporter -->
<testsuite hostname="DESKTOP-FIF2BTC" failures="0" tests="8" name="advanceSelenium.ToLearnDataProvider" time="55.380" errors="0" timestamp="2024-08-12T18:05:36 IST" skipped="0">
  <testcase classname="advanceSelenium.ToLearnDataProvider" name="login" time="6.650"/>
  <testcase classname="advanceSelenium.ToLearnDataProvider" name="login" time="6.799"/>
  <testcase classname="advanceSelenium.ToLearnDataProvider" name="login" time="6.515"/>
  <testcase classname="advanceSelenium.ToLearnDataProvider" name="login" time="8.435"/>
  <testcase classname="advanceSelenium.ToLearnDataProvider" name="login" time="6.606"/>
  <testcase classname="advanceSelenium.ToLearnDataProvider" name="login" time="6.785"/>
  <testcase classname="advanceSelenium.ToLearnDataProvider" name="login" time="7.024"/>
  <testcase classname="advanceSelenium.ToLearnDataProvider" name="login" time="6.566"/>
</testsuite> <!-- advanceSelenium.ToLearnDataProvider -->
