<?xml version="1.0" encoding="UTF-8"?>
<!-- Generated by org.testng.reporters.JUnitReportReporter -->
<testsuite hostname="DESKTOP-FIF2BTC" failures="0" tests="1" name="advanceSelenium.ToValidateCSSvalue" time="8.593" errors="0" timestamp="2024-07-26T07:25:20 IST" skipped="0">
  <testcase classname="advanceSelenium.ToValidateCSSvalue" name="toGetGiftCardsCSSvalue" time="8.593">
    <system-out>
      <![CDATA[rgba(0, 0, 0, 0) none repeat scroll 0% 0% / auto padding-box border-box]]>
    </system-out>
  </testcase> <!-- toGetGiftCardsCSSvalue -->
  <system-out>
    <![CDATA[Browser got Launched
Browser got Maximized
Successfully navigated to Demo web shop tricentis
Successfully logged in
rgba(0, 0, 0, 0) none repeat scroll 0% 0% / auto padding-box border-box]]>
  </system-out>
</testsuite> <!-- advanceSelenium.ToValidateCSSvalue -->
