<?xml version="1.0" encoding="UTF-8"?>
<!-- Generated by org.testng.reporters.JUnitReportReporter -->
<testsuite hostname="DESKTOP-FIF2BTC" failures="0" tests="1" name="cars.BMW" time="4.539" errors="0" timestamp="2024-08-07T19:59:27 IST" skipped="0">
  <testcase classname="cars.BMW" name="bmwMethod" time="4.539">
    <system-out>
      <![CDATA[BMW launched]]>
    </system-out>
  </testcase> <!-- bmwMethod -->
  <system-out>
    <![CDATA[citroen car launched
Maruthi Suzuki launched
Hyndai Launched
Volkswagen launched
BMW launched]]>
  </system-out>
</testsuite> <!-- cars.BMW -->
