<?xml version="1.0" encoding="UTF-8"?>
<!-- Generated by org.testng.reporters.JUnitReportReporter -->
<testsuite hostname="DESKTOP-FIF2BTC" failures="0" tests="1" name="advanceSelenium.TC_DWS_008" time="4.407" errors="0" timestamp="2024-07-26T06:48:07 IST" skipped="0">
  <testcase classname="advanceSelenium.TC_DWS_008" name="toSubscribeToNewsLetter" time="4.407">
    <system-out>
      <![CDATA[signed up to Newsletter successfully and thankyou msg displayed]]>
    </system-out>
  </testcase> <!-- toSubscribeToNewsLetter -->
  <system-out>
    <![CDATA[Browser got Launched
Browser got Maximized
Successfully navigated to Demo web shop tricentis
Successfully logged in
signed up to Newsletter successfully and thankyou msg displayed]]>
  </system-out>
</testsuite> <!-- advanceSelenium.TC_DWS_008 -->
