<?xml version="1.0" encoding="UTF-8"?>
<!-- Generated by org.testng.reporters.JUnitReportReporter -->
<testsuite hostname="DESKTOP-FIF2BTC" failures="0" tests="1" name="cars.Hyundai" time="6.982" errors="0" timestamp="2024-08-07T19:59:27 IST" skipped="0">
  <testcase classname="cars.Hyundai" name="hyundaiMethod" time="6.982">
    <system-out>
      <![CDATA[Hyndai Launched]]>
    </system-out>
  </testcase> <!-- hyundaiMethod -->
  <system-out>
    <![CDATA[citroen car launched
Maruthi Suzuki launched
Hyndai Launched
Volkswagen launched
BMW launched]]>
  </system-out>
</testsuite> <!-- cars.Hyundai -->
