<?xml version="1.0" encoding="UTF-8"?>
<!-- Generated by org.testng.reporters.JUnitReportReporter -->
<testsuite hostname="DESKTOP-FIF2BTC" failures="0" tests="3" name="advanceSelenium.ToUseDependsOnMethodsAttribute" time="0.034" errors="0" timestamp="2024-07-28T19:29:51 IST" skipped="0">
  <testcase classname="advanceSelenium.ToUseDependsOnMethodsAttribute" name="createAccount" time="0.027">
    <system-out>
      <![CDATA[Account created successfully]]>
    </system-out>
  </testcase> <!-- createAccount -->
  <testcase classname="advanceSelenium.ToUseDependsOnMethodsAttribute" name="deleteAccount" time="0.004">
    <system-out>
      <![CDATA[Account deleted successfully]]>
    </system-out>
  </testcase> <!-- deleteAccount -->
  <testcase classname="advanceSelenium.ToUseDependsOnMethodsAttribute" name="editAccount" time="0.003">
    <system-out>
      <![CDATA[Account edited successfully]]>
    </system-out>
  </testcase> <!-- editAccount -->
  <system-out>
    <![CDATA[Account created successfully
Account edited successfully
Account deleted successfully]]>
  </system-out>
</testsuite> <!-- advanceSelenium.ToUseDependsOnMethodsAttribute -->
