<?xml version="1.0" encoding="UTF-8"?>
<!-- Generated by org.testng.reporters.JUnitReportReporter -->
<testsuite hostname="DESKTOP-FIF2BTC" failures="0" tests="1" name="advanceSelenium.TC_DWS_005" time="8.340" errors="0" timestamp="2024-07-26T05:12:30 IST" skipped="0">
  <testcase classname="advanceSelenium.TC_DWS_005" name="toAddItemToCart" time="8.340">
    <system-out>
      <![CDATA[Navigated successfully to Electronics page
Navigated successfully to CellPhone page
The product has been added to your shopping cart
CellPhone product added to cart successfully ]]>
    </system-out>
  </testcase> <!-- toAddItemToCart -->
  <system-out>
    <![CDATA[Browser got Launched
Browser got Maximized
Successfully navigated to Demo web shop tricentis
Successfully logged in
Navigated successfully to Electronics page
Navigated successfully to CellPhone page
The product has been added to your shopping cart
CellPhone product added to cart successfully ]]>
  </system-out>
</testsuite> <!-- advanceSelenium.TC_DWS_005 -->
