<?xml version="1.0" encoding="UTF-8"?>
<!-- Generated by org.testng.reporters.JUnitReportReporter -->
<testsuite hostname="DESKTOP-FIF2BTC" failures="0" tests="3" name="advanceSelenium.ToUseEnabledAttribute" time="11.961" errors="0" timestamp="2024-07-24T23:23:23 IST" skipped="1">
  <testcase classname="advanceSelenium.ToUseEnabledAttribute" name="bigbasket" time="7.734">
    <system-out>
      <![CDATA[baskinRobbins got executed]]>
    </system-out>
  </testcase> <!-- bigbasket -->
  <testcase classname="advanceSelenium.ToUseEnabledAttribute" name="cricbuzz" time="4.227">
    <system-out>
      <![CDATA[Cricbuzz got executed]]>
    </system-out>
  </testcase> <!-- cricbuzz -->
  <testcase classname="advanceSelenium.ToUseEnabledAttribute" name="amazon">
    <skipped/>
  </testcase> <!-- amazon -->
  <system-out>
    <![CDATA[baskinRobbins got executed
Cricbuzz got executed]]>
  </system-out>
</testsuite> <!-- advanceSelenium.ToUseEnabledAttribute -->
