<?xml version="1.0" encoding="UTF-8"?>
<!-- Generated by org.testng.reporters.JUnitReportReporter -->
<testsuite hostname="DESKTOP-FIF2BTC" failures="0" tests="1" name="Bikes.ToLaunchAccess125" time="6.577" errors="0" timestamp="2024-08-01T20:18:57 IST" skipped="0">
  <testcase classname="Bikes.ToLaunchAccess125" name="access125" time="6.577">
    <system-out>
      <![CDATA[Access125 launched]]>
    </system-out>
  </testcase> <!-- access125 -->
  <system-out>
    <![CDATA[Kawasaki launched
BMW launched
Access125 launched
RoyalEnfield launched]]>
  </system-out>
</testsuite> <!-- Bikes.ToLaunchAccess125 -->
