<?xml version="1.0" encoding="UTF-8"?>
<!-- Generated by org.testng.reporters.JUnitReportReporter -->
<testsuite hostname="DESKTOP-FIF2BTC" failures="0" tests="1" name="advanceSelenium.TC_DWS_011" time="10.167" errors="0" timestamp="2024-07-26T07:56:08 IST" skipped="0">
  <testcase classname="advanceSelenium.TC_DWS_011" name="navigateToCheckoutPage" time="10.167">
    <system-out>
      <![CDATA[Successfully displayed checkout page]]>
    </system-out>
  </testcase> <!-- navigateToCheckoutPage -->
  <system-out>
    <![CDATA[Browser got Launched
Browser got Maximized
Successfully navigated to Demo web shop tricentis
Successfully logged in
Successfully displayed checkout page]]>
  </system-out>
</testsuite> <!-- advanceSelenium.TC_DWS_011 -->
