<?xml version="1.0" encoding="UTF-8"?>
<!-- Generated by org.testng.reporters.JUnitReportReporter -->
<testsuite hostname="DESKTOP-FIF2BTC" failures="0" tests="6" name="advanceSelenium.ToLearnTestNg" time="28.567" errors="0" timestamp="2024-07-28T18:32:01 IST" skipped="0">
  <testcase classname="advanceSelenium.ToLearnTestNg" name="cricbuzz" time="3.041">
    <system-out>
      <![CDATA[Cricbuzz got executed]]>
    </system-out>
  </testcase> <!-- cricbuzz -->
  <testcase classname="advanceSelenium.ToLearnTestNg" name="baskinRobbins" time="5.613">
    <system-out>
      <![CDATA[baskinRobbins got executed]]>
    </system-out>
  </testcase> <!-- baskinRobbins -->
  <testcase classname="advanceSelenium.ToLearnTestNg" name="cricbuzz" time="4.380">
    <system-out>
      <![CDATA[Cricbuzz got executed]]>
    </system-out>
  </testcase> <!-- cricbuzz -->
  <testcase classname="advanceSelenium.ToLearnTestNg" name="amazon" time="4.283">
    <system-out>
      <![CDATA[amazon got executed]]>
    </system-out>
  </testcase> <!-- amazon -->
  <testcase classname="advanceSelenium.ToLearnTestNg" name="amazon" time="5.059">
    <system-out>
      <![CDATA[amazon got executed]]>
    </system-out>
  </testcase> <!-- amazon -->
  <testcase classname="advanceSelenium.ToLearnTestNg" name="amazon" time="6.191">
    <system-out>
      <![CDATA[amazon got executed]]>
    </system-out>
  </testcase> <!-- amazon -->
  <system-out>
    <![CDATA[baskinRobbins got executed
Cricbuzz got executed
Cricbuzz got executed
amazon got executed
amazon got executed
amazon got executed]]>
  </system-out>
</testsuite> <!-- advanceSelenium.ToLearnTestNg -->
