<?xml version="1.0" encoding="UTF-8"?>
<!-- Generated by org.testng.reporters.JUnitReportReporter -->
<testsuite hostname="DESKTOP-FIF2BTC" failures="0" tests="1" name="Bikes.ToLaunchHarleyDavidson" time="14.871" errors="0" timestamp="2024-08-01T20:18:05 IST" skipped="0">
  <testcase classname="Bikes.ToLaunchHarleyDavidson" name="harleyDavidson" time="14.871">
    <system-out>
      <![CDATA[HarleyDavidson launched]]>
    </system-out>
  </testcase> <!-- harleyDavidson -->
  <system-out>
    <![CDATA[HarleyDavidson launched]]>
  </system-out>
</testsuite> <!-- Bikes.ToLaunchHarleyDavidson -->
