<?xml version="1.0" encoding="UTF-8"?>
<!-- Generated by org.testng.reporters.JUnitReportReporter -->
<testsuite hostname="DESKTOP-FIF2BTC" failures="0" tests="1" name="advanceSelenium.TC_DWS_013" time="15.675" errors="0" timestamp="2024-07-26T08:33:29 IST" skipped="0">
  <testcase classname="advanceSelenium.TC_DWS_013" name="navigateToCheckoutPage" time="15.675">
    <system-out>
      <![CDATA[Successfully placed order
Successfully displayed order information]]>
    </system-out>
  </testcase> <!-- navigateToCheckoutPage -->
  <system-out>
    <![CDATA[Browser got Launched
Browser got Maximized
Successfully navigated to Demo web shop tricentis
Successfully logged in
Successfully placed order
Successfully displayed order information]]>
  </system-out>
</testsuite> <!-- advanceSelenium.TC_DWS_013 -->
