<?xml version="1.0" encoding="UTF-8"?>
<!-- Generated by org.testng.reporters.JUnitReportReporter -->
<testsuite hostname="DESKTOP-FIF2BTC" failures="0" tests="1" name="advanceSelenium.TC_DWS_006" time="8.981" errors="0" timestamp="2024-07-26T05:28:01 IST" skipped="0">
  <testcase classname="advanceSelenium.TC_DWS_006" name="toCheckAddToCartMsgDisplayed" time="8.981">
    <system-out>
      <![CDATA[Navigated successfully to Electronics page
Navigated successfully to CellPhone page
AddToCart message is displayed after adding item to cart]]>
    </system-out>
  </testcase> <!-- toCheckAddToCartMsgDisplayed -->
  <system-out>
    <![CDATA[Browser got Launched
Browser got Maximized
Successfully navigated to Demo web shop tricentis
Successfully logged in
Navigated successfully to Electronics page
Navigated successfully to CellPhone page
AddToCart message is displayed after adding item to cart]]>
  </system-out>
</testsuite> <!-- advanceSelenium.TC_DWS_006 -->
