<?xml version="1.0" encoding="UTF-8"?>
<!-- Generated by org.testng.reporters.JUnitReportReporter -->
<testsuite hostname="DESKTOP-FIF2BTC" failures="0" tests="1" name="advanceSelenium.TC_DWS_007" time="23.453" errors="0" timestamp="2024-08-04T19:19:32 IST" skipped="0">
  <testcase classname="advanceSelenium.TC_DWS_007" name="toVerifyItemInShoppingCart" time="23.453">
    <system-out>
      <![CDATA[Navigated to Books page successfuly
The product has been added to your shopping cart
Book product added to cart successfully and message is displayed correctly
Failed to add Book element to shopping cart]]>
    </system-out>
  </testcase> <!-- toVerifyItemInShoppingCart -->
  <system-out>
    <![CDATA[Browser got Launched
Browser got Maximized
Successfully navigated to Demo web shop tricentis
Successfully logged in
Navigated to Books page successfuly
The product has been added to your shopping cart
Book product added to cart successfully and message is displayed correctly
Failed to add Book element to shopping cart
Logged out successfully
Successfully closed Browser]]>
  </system-out>
</testsuite> <!-- advanceSelenium.TC_DWS_007 -->
