<?xml version="1.0" encoding="UTF-8"?>
<!-- Generated by org.testng.reporters.JUnitReportReporter -->
<testsuite hostname="DESKTOP-FIF2BTC" failures="0" tests="3" name="advanceSelenium.ToUseBothPriorityandInvocation" time="15.477" errors="0" timestamp="2024-08-11T20:13:52 IST" skipped="0">
  <testcase classname="advanceSelenium.ToUseBothPriorityandInvocation" name="cricbuzz" time="4.466">
    <system-out>
      <![CDATA[Cricbuzz got executed]]>
    </system-out>
  </testcase> <!-- cricbuzz -->
  <testcase classname="advanceSelenium.ToUseBothPriorityandInvocation" name="amazon" time="6.544">
    <system-out>
      <![CDATA[amazon got executed]]>
    </system-out>
  </testcase> <!-- amazon -->
  <testcase classname="advanceSelenium.ToUseBothPriorityandInvocation" name="cricbuzz" time="4.467">
    <system-out>
      <![CDATA[Cricbuzz got executed]]>
    </system-out>
  </testcase> <!-- cricbuzz -->
  <system-out>
    <![CDATA[amazon got executed
Cricbuzz got executed
Cricbuzz got executed]]>
  </system-out>
</testsuite> <!-- advanceSelenium.ToUseBothPriorityandInvocation -->
