<?xml version="1.0" encoding="UTF-8"?>
<!-- Generated by org.testng.reporters.JUnitReportReporter -->
<testsuite hostname="DESKTOP-FIF2BTC" failures="0" tests="1" name="advanceSelenium.TC_DWS_010" time="8.818" errors="0" timestamp="2024-07-26T07:43:43 IST" skipped="0">
  <testcase classname="advanceSelenium.TC_DWS_010" name="placingOrder" time="8.818">
    <system-out>
      <![CDATA[Terms and Condition message displayed]]>
    </system-out>
  </testcase> <!-- placingOrder -->
  <system-out>
    <![CDATA[Browser got Launched
Browser got Maximized
Successfully navigated to Demo web shop tricentis
Successfully logged in
Terms and Condition message displayed]]>
  </system-out>
</testsuite> <!-- advanceSelenium.TC_DWS_010 -->
