<?xml version="1.0" encoding="UTF-8"?>
<!-- Generated by org.testng.reporters.JUnitReportReporter -->
<testsuite hostname="DESKTOP-FIF2BTC" failures="0" tests="12" name="advanceSelenium.TestNg" time="0.021" errors="0" timestamp="2024-07-30T06:39:32 IST" skipped="0">
  <testcase classname="advanceSelenium.TestNg" name="amazon" time="0.001">
    <system-out>
      <![CDATA[amazon got executed]]>
    </system-out>
  </testcase> <!-- amazon -->
  <testcase classname="advanceSelenium.TestNg" name="amazon" time="0.002">
    <system-out>
      <![CDATA[amazon got executed]]>
    </system-out>
  </testcase> <!-- amazon -->
  <testcase classname="advanceSelenium.TestNg" name="amazon" time="0.009">
    <system-out>
      <![CDATA[amazon got executed]]>
    </system-out>
  </testcase> <!-- amazon -->
  <testcase classname="advanceSelenium.TestNg" name="cricBuzz" time="0.001">
    <system-out>
      <![CDATA[Cricbuzz got exceuted]]>
    </system-out>
  </testcase> <!-- cricBuzz -->
  <testcase classname="advanceSelenium.TestNg" name="cricBuzz" time="0.001">
    <system-out>
      <![CDATA[Cricbuzz got exceuted]]>
    </system-out>
  </testcase> <!-- cricBuzz -->
  <testcase classname="advanceSelenium.TestNg" name="amazon" time="0.001">
    <system-out>
      <![CDATA[amazon got executed]]>
    </system-out>
  </testcase> <!-- amazon -->
  <testcase classname="advanceSelenium.TestNg" name="amazon" time="0.000">
    <system-out>
      <![CDATA[amazon got executed]]>
    </system-out>
  </testcase> <!-- amazon -->
  <testcase classname="advanceSelenium.TestNg" name="amazon" time="0.002">
    <system-out>
      <![CDATA[amazon got executed]]>
    </system-out>
  </testcase> <!-- amazon -->
  <testcase classname="advanceSelenium.TestNg" name="baskinRobbins" time="0.000">
    <system-out>
      <![CDATA[BaskinRobbins gpt executed]]>
    </system-out>
  </testcase> <!-- baskinRobbins -->
  <testcase classname="advanceSelenium.TestNg" name="baskinRobbins" time="0.002">
    <system-out>
      <![CDATA[BaskinRobbins gpt executed]]>
    </system-out>
  </testcase> <!-- baskinRobbins -->
  <testcase classname="advanceSelenium.TestNg" name="baskinRobbins" time="0.001">
    <system-out>
      <![CDATA[BaskinRobbins gpt executed]]>
    </system-out>
  </testcase> <!-- baskinRobbins -->
  <testcase classname="advanceSelenium.TestNg" name="baskinRobbins" time="0.001">
    <system-out>
      <![CDATA[BaskinRobbins gpt executed]]>
    </system-out>
  </testcase> <!-- baskinRobbins -->
  <system-out>
    <![CDATA[amazon got executed
amazon got executed
amazon got executed
amazon got executed
amazon got executed
amazon got executed
BaskinRobbins gpt executed
BaskinRobbins gpt executed
BaskinRobbins gpt executed
BaskinRobbins gpt executed
Cricbuzz got exceuted
Cricbuzz got exceuted]]>
  </system-out>
</testsuite> <!-- advanceSelenium.TestNg -->
