<?xml version="1.0" encoding="UTF-8"?>
<!-- Generated by org.testng.reporters.JUnitReportReporter -->
<testsuite hostname="DESKTOP-FIF2BTC" failures="0" tests="3" name="advanceSelenium.ToUseBottPriorityandInvocation" time="26.535" errors="0" timestamp="2024-07-24T10:38:44 IST" skipped="2">
  <testcase classname="advanceSelenium.ToUseBottPriorityandInvocation" name="bigbasket" time="26.535">
    <system-out>
      <![CDATA[baskinRobbins got executed]]>
    </system-out>
  </testcase> <!-- bigbasket -->
  <testcase classname="advanceSelenium.ToUseBottPriorityandInvocation" name="cricbuzz">
    <skipped/>
  </testcase> <!-- cricbuzz -->
  <testcase classname="advanceSelenium.ToUseBottPriorityandInvocation" name="amazon">
    <skipped/>
  </testcase> <!-- amazon -->
  <system-out>
    <![CDATA[baskinRobbins got executed]]>
  </system-out>
</testsuite> <!-- advanceSelenium.ToUseBottPriorityandInvocation -->
