<?xml version="1.0" encoding="UTF-8"?>
<!-- Generated by org.testng.reporters.JUnitReportReporter -->
<testsuite hostname="DESKTOP-FIF2BTC" failures="0" tests="1" name="cars.Honda" time="4.848" errors="0" timestamp="2024-07-24T23:36:45 IST" skipped="0">
  <testcase classname="cars.Honda" name="hondaMethod" time="4.848">
    <system-out>
      <![CDATA[Honda Got Launched]]>
    </system-out>
  </testcase> <!-- hondaMethod -->
  <system-out>
    <![CDATA[Jeep Got Launched
Honda Got Launched]]>
  </system-out>
</testsuite> <!-- cars.Honda -->
