<?xml version="1.0" encoding="UTF-8"?>
<!-- Generated by org.testng.reporters.JUnitReportReporter -->
<testsuite hostname="DESKTOP-FIF2BTC" failures="0" tests="1" name="Bikes.ToLaunchKawasaki" time="5.610" errors="0" timestamp="2024-08-01T20:18:57 IST" skipped="0">
  <testcase classname="Bikes.ToLaunchKawasaki" name="kawasaki" time="5.610">
    <system-out>
      <![CDATA[Kawasaki launched]]>
    </system-out>
  </testcase> <!-- kawasaki -->
  <system-out>
    <![CDATA[Kawasaki launched
BMW launched
Access125 launched
RoyalEnfield launched]]>
  </system-out>
</testsuite> <!-- Bikes.ToLaunchKawasaki -->
