<?xml version="1.0" encoding="UTF-8"?>
<!-- Generated by org.testng.reporters.JUnitReportReporter -->
<testsuite hostname="DESKTOP-FIF2BTC" failures="0" tests="1" name="Bikes.ToLaunchRoyalEnfield" time="2.921" errors="0" timestamp="2024-08-01T20:18:57 IST" skipped="0">
  <testcase classname="Bikes.ToLaunchRoyalEnfield" name="royalEnfield" time="2.921">
    <system-out>
      <![CDATA[RoyalEnfield launched]]>
    </system-out>
  </testcase> <!-- royalEnfield -->
  <system-out>
    <![CDATA[Kawasaki launched
BMW launched
Access125 launched
RoyalEnfield launched]]>
  </system-out>
</testsuite> <!-- Bikes.ToLaunchRoyalEnfield -->
